2020-01-11 08:49:39,779 INFO [root] [base.py (__init__:16] - 正在初始化driver:<selenium.webdriver.chrome.webdriver.WebDriver (session="8ac828df14359450d3bd9fe703c5c471")>
2020-01-11 08:49:39,793 INFO [root] [page_mp_login.py (page_mp_login:31] - 正在调用自媒体登录业务方法,用户名:13812345678 密码:246810
2020-01-11 08:49:39,794 INFO [root] [base.py (base_find:24] - 正在查找元素：('css selector', "[placeholder='请输入手机号']")
2020-01-11 08:49:39,840 INFO [root] [base.py (base_input:36] - 正在执行清空操作
2020-01-11 08:49:39,896 INFO [root] [base.py (base_input:39] - 正在给 ('css selector', "[placeholder='请输入手机号']") 元素 执行输入操作：13812345678
2020-01-11 08:49:40,065 INFO [root] [base.py (base_find:24] - 正在查找元素：('css selector', "[placeholder='验证码']")
2020-01-11 08:49:40,093 INFO [root] [base.py (base_input:36] - 正在执行清空操作
2020-01-11 08:49:40,167 INFO [root] [base.py (base_input:39] - 正在给 ('css selector', "[placeholder='验证码']") 元素 执行输入操作：246810
2020-01-11 08:49:40,375 INFO [root] [base.py (base_click:45] - 正在对 ('css selector', '.el-button--primary') 元素 执行点击操作
2020-01-11 08:49:40,375 INFO [root] [base.py (base_find:24] - 正在查找元素：('css selector', '.el-button--primary')
2020-01-11 08:49:40,546 INFO [root] [base.py (base_find:24] - 正在查找元素：('css selector', '.user-name')
2020-01-11 08:49:42,016 INFO [root] [base.py (base_get_text:50] - 正在获取('css selector', '.user-name')元素文本值：13812345678
2020-01-11 08:49:42,016 INFO [root] [base.py (base_find:24] - 正在查找元素：('css selector', '.user-name')
2020-01-11 08:50:35,311 INFO [root] [base.py (__init__:16] - 正在初始化driver:<selenium.webdriver.chrome.webdriver.WebDriver (session="80a67b29b1378fb9087dc4592be90583")>
2020-01-11 08:50:35,323 INFO [root] [page_mp_login.py (page_mp_login:31] - 正在调用自媒体登录业务方法,用户名:13812345678 密码:246810
2020-01-11 08:50:35,323 INFO [root] [base.py (base_find:24] - 正在查找元素：('css selector', "[placeholder='请输入手机号']")
2020-01-11 08:50:35,376 INFO [root] [base.py (base_input:36] - 正在执行清空操作
2020-01-11 08:50:35,445 INFO [root] [base.py (base_input:39] - 正在给 ('css selector', "[placeholder='请输入手机号']") 元素 执行输入操作：13812345678
2020-01-11 08:50:35,761 INFO [root] [base.py (base_find:24] - 正在查找元素：('css selector', "[placeholder='验证码']")
2020-01-11 08:50:35,804 INFO [root] [base.py (base_input:36] - 正在执行清空操作
2020-01-11 08:50:35,880 INFO [root] [base.py (base_input:39] - 正在给 ('css selector', "[placeholder='验证码']") 元素 执行输入操作：246810
2020-01-11 08:50:36,122 INFO [root] [base.py (base_click:45] - 正在对 ('css selector', '.el-button--primary') 元素 执行点击操作
2020-01-11 08:50:36,122 INFO [root] [base.py (base_find:24] - 正在查找元素：('css selector', '.el-button--primary')
2020-01-11 08:50:36,314 INFO [root] [base.py (base_find:24] - 正在查找元素：('css selector', '.user-name')
2020-01-11 08:50:39,000 INFO [root] [base.py (base_get_text:50] - 正在获取('css selector', '.user-name')元素文本值：13812345678
2020-01-11 08:50:39,000 INFO [root] [base.py (base_find:24] - 正在查找元素：('css selector', '.user-name')
2020-01-11 10:26:16,396 INFO [root] [base.py (__init__:16] - 正在初始化driver:<appium.webdriver.webdriver.WebDriver (session="48fbeb90-321f-4654-8c9a-ce6d29c69260")>
2020-01-11 10:26:16,398 INFO [root] [base.py (base_find:24] - 正在查找元素：('xpath', "//*[@index='1' and @class = 'android.widget.EditText']")
2020-01-11 10:26:20,754 INFO [root] [base.py (base_input:36] - 正在执行清空操作
2020-01-11 10:26:23,200 INFO [root] [base.py (base_input:39] - 正在给 ('xpath', "//*[@index='1' and @class = 'android.widget.EditText']") 元素 执行输入操作：13812345678
2020-01-11 10:28:30,205 INFO [root] [base.py (__init__:16] - 正在初始化driver:<appium.webdriver.webdriver.WebDriver (session="ffbb9ca6-b743-4b43-b15b-093cde1020b3")>
2020-01-11 10:28:30,207 INFO [root] [base.py (base_find:24] - 正在查找元素：('xpath', "//*[@index='1' and @class='android.widget.EditText']")
2020-01-11 10:28:33,854 INFO [root] [base.py (base_input:36] - 正在执行清空操作
2020-01-11 10:28:36,369 INFO [root] [base.py (base_input:39] - 正在给 ('xpath', "//*[@index='1' and @class='android.widget.EditText']") 元素 执行输入操作：13812345678
2020-01-11 10:28:41,539 INFO [root] [base.py (base_find:24] - 正在查找元素：('xpath', "//*[@index='2' and @class='android.widget.EditText']")
2020-01-11 10:28:41,596 INFO [root] [base.py (base_input:36] - 正在执行清空操作
2020-01-11 10:28:43,674 INFO [root] [base.py (base_input:39] - 正在给 ('xpath', "//*[@index='2' and @class='android.widget.EditText']") 元素 执行输入操作：246810
2020-01-11 10:28:49,035 INFO [root] [base.py (base_click:45] - 正在对 ('xpath', "//*[@index='4' and @class='android.widget.Button']") 元素 执行点击操作
2020-01-11 10:28:49,035 INFO [root] [base.py (base_find:24] - 正在查找元素：('xpath', "//*[@index='4' and @class='android.widget.Button']")
2020-01-11 10:28:49,255 INFO [root] [base.py (base_find:24] - 正在查找元素：('xpath', "//*[@index='3' and contains(@text,'我的')]")
2020-01-11 10:34:05,833 INFO [root] [base.py (__init__:16] - 正在初始化driver:<appium.webdriver.webdriver.WebDriver (session="a583a521-2ccf-472a-8e6b-65a0471d8375")>
2020-01-11 10:34:05,834 INFO [root] [base.py (base_find:24] - 正在查找元素：('xpath', "//*[@index='1' and @class='android.widget.EditText']")
2020-01-11 10:34:09,703 INFO [root] [base.py (base_input:36] - 正在执行清空操作
2020-01-11 10:34:12,095 INFO [root] [base.py (base_input:39] - 正在给 ('xpath', "//*[@index='1' and @class='android.widget.EditText']") 元素 执行输入操作：13812345678
2020-01-11 10:34:17,197 INFO [root] [base.py (base_find:24] - 正在查找元素：('xpath', "//*[@index='2' and @class='android.widget.EditText']")
2020-01-11 10:34:17,266 INFO [root] [base.py (base_input:36] - 正在执行清空操作
2020-01-11 10:34:20,055 INFO [root] [base.py (base_input:39] - 正在给 ('xpath', "//*[@index='2' and @class='android.widget.EditText']") 元素 执行输入操作：246810
2020-01-11 10:34:24,849 INFO [root] [base.py (base_click:45] - 正在对 ('xpath', "//*[@index='4' and @class='android.widget.Button']") 元素 执行点击操作
2020-01-11 10:34:24,850 INFO [root] [base.py (base_find:24] - 正在查找元素：('xpath', "//*[@index='4' and @class='android.widget.Button']")
2020-01-11 10:34:24,999 INFO [root] [base.py (base_find:24] - 正在查找元素：('xpath', "//*[@index='3' and contains(@text,'我的')]")
2020-01-11 10:38:49,142 INFO [root] [base.py (__init__:16] - 正在初始化driver:<appium.webdriver.webdriver.WebDriver (session="9d17bb64-0962-44c0-b1d1-eb3e2f2f8c16")>
2020-01-11 10:38:49,143 INFO [root] [base.py (base_find:24] - 正在查找元素：('xpath', "//*[@index='1' and @class='android.widget.EditText']")
2020-01-11 10:38:53,267 INFO [root] [base.py (base_input:36] - 正在执行清空操作
2020-01-11 10:38:55,567 INFO [root] [base.py (base_input:39] - 正在给 ('xpath', "//*[@index='1' and @class='android.widget.EditText']") 元素 执行输入操作：13812345678
2020-01-11 10:39:00,588 INFO [root] [base.py (base_find:24] - 正在查找元素：('xpath', "//*[@index='2' and @class='android.widget.EditText']")
2020-01-11 10:39:00,623 INFO [root] [base.py (base_input:36] - 正在执行清空操作
2020-01-11 10:39:02,521 INFO [root] [base.py (base_input:39] - 正在给 ('xpath', "//*[@index='2' and @class='android.widget.EditText']") 元素 执行输入操作：246810
2020-01-11 10:39:07,322 INFO [root] [base.py (base_click:45] - 正在对 ('xpath', "//*[@index='4' and @class='android.widget.Button']") 元素 执行点击操作
2020-01-11 10:39:07,323 INFO [root] [base.py (base_find:24] - 正在查找元素：('xpath', "//*[@index='4' and @class='android.widget.Button']")
2020-01-11 10:39:07,490 INFO [root] [base.py (base_find:24] - 正在查找元素：('xpath', "//*[@index='3' and contains(@text,'我的')]")
2020-01-11 10:39:08,666 ERROR [root] [test05_app_login.py (test_app_login:35] - assert False
 +  where False = <bound method PageAppLogin.page_if_element_exists of <page.page_app_login.PageAppLogin object at 0x03F132B0>>()
 +    where <bound method PageAppLogin.page_if_element_exists of <page.page_app_login.PageAppLogin object at 0x03F132B0>> = <page.page_app_login.PageAppLogin object at 0x03F132B0>.page_if_element_exists
 +      where <page.page_app_login.PageAppLogin object at 0x03F132B0> = <scripts.test05_app_login.TestAppLogin object at 0x03F13FF0>.app_login
2020-01-11 10:39:08,667 ERROR [root] [base.py (base_get_img:55] - 出现异常! 正在截图操作
2020-01-11 10:39:12,820 ERROR [root] [base.py (__base_write_img:62] - 异常处理！正在截图写入报告
2020-01-11 10:40:57,046 INFO [root] [base.py (__init__:16] - 正在初始化driver:<appium.webdriver.webdriver.WebDriver (session="2b464a33-003a-4c70-8149-e6456728a411")>
2020-01-11 10:40:57,047 INFO [root] [base.py (base_find:24] - 正在查找元素：('xpath', "//*[@index='1' and @class='android.widget.EditText']")
2020-01-11 10:41:01,178 INFO [root] [base.py (base_input:36] - 正在执行清空操作
2020-01-11 10:41:03,339 INFO [root] [base.py (base_input:39] - 正在给 ('xpath', "//*[@index='1' and @class='android.widget.EditText']") 元素 执行输入操作：13812345678
2020-01-11 10:41:08,190 INFO [root] [base.py (base_find:24] - 正在查找元素：('xpath', "//*[@index='2' and @class='android.widget.EditText']")
2020-01-11 10:41:08,247 INFO [root] [base.py (base_input:36] - 正在执行清空操作
2020-01-11 10:41:10,217 INFO [root] [base.py (base_input:39] - 正在给 ('xpath', "//*[@index='2' and @class='android.widget.EditText']") 元素 执行输入操作：246810
2020-01-11 10:41:15,866 INFO [root] [base.py (base_click:45] - 正在对 ('xpath', "//*[@index='4' and @class='android.widget.Button']") 元素 执行点击操作
2020-01-11 10:41:15,867 INFO [root] [base.py (base_find:24] - 正在查找元素：('xpath', "//*[@index='4' and @class='android.widget.Button']")
2020-01-11 10:41:16,024 INFO [root] [base.py (base_find:24] - 正在查找元素：('xpath', "//*[@index='3' and contains(@text,'我的')]")
2020-01-11 10:41:17,664 ERROR [root] [test05_app_login.py (test_app_login:35] - assert False
 +  where False = <bound method PageAppLogin.page_if_element_exists of <page.page_app_login.PageAppLogin object at 0x04290050>>()
 +    where <bound method PageAppLogin.page_if_element_exists of <page.page_app_login.PageAppLogin object at 0x04290050>> = <page.page_app_login.PageAppLogin object at 0x04290050>.page_if_element_exists
 +      where <page.page_app_login.PageAppLogin object at 0x04290050> = <scripts.test05_app_login.TestAppLogin object at 0x04290ED0>.app_login
2020-01-11 10:41:17,664 ERROR [root] [base.py (base_get_img:55] - 出现异常! 正在截图操作
2020-01-11 10:41:21,697 ERROR [root] [base.py (__base_write_img:62] - 异常处理！正在截图写入报告
2020-01-11 10:42:26,347 INFO [root] [base.py (__init__:16] - 正在初始化driver:<appium.webdriver.webdriver.WebDriver (session="33688e61-2806-4fae-80e2-ae4358485d3f")>
2020-01-11 10:42:26,348 INFO [root] [base.py (base_find:24] - 正在查找元素：('xpath', "//*[@index='1' and @class='android.widget.EditText']")
2020-01-11 10:42:30,443 INFO [root] [base.py (base_input:36] - 正在执行清空操作
2020-01-11 10:42:32,975 INFO [root] [base.py (base_input:39] - 正在给 ('xpath', "//*[@index='1' and @class='android.widget.EditText']") 元素 执行输入操作：13812345678
2020-01-11 10:42:38,271 INFO [root] [base.py (base_find:24] - 正在查找元素：('xpath', "//*[@index='2' and @class='android.widget.EditText']")
2020-01-11 10:42:38,310 INFO [root] [base.py (base_input:36] - 正在执行清空操作
2020-01-11 10:42:40,379 INFO [root] [base.py (base_input:39] - 正在给 ('xpath', "//*[@index='2' and @class='android.widget.EditText']") 元素 执行输入操作：246810
2020-01-11 10:42:45,113 INFO [root] [base.py (base_click:45] - 正在对 ('xpath', "//*[@index='4' and @class='android.widget.Button']") 元素 执行点击操作
2020-01-11 10:42:45,113 INFO [root] [base.py (base_find:24] - 正在查找元素：('xpath', "//*[@index='4' and @class='android.widget.Button']")
2020-01-11 10:42:46,033 INFO [root] [base.py (base_find:24] - 正在查找元素：('xpath', "//*[@index='3' and contains(@text,'我的')]")
2020-01-11 10:45:50,318 INFO [root] [base.py (__init__:16] - 正在初始化driver:<appium.webdriver.webdriver.WebDriver (session="f068d946-0e0e-4134-80de-ee7781faf594")>
2020-01-11 10:45:50,319 INFO [root] [base.py (base_find:24] - 正在查找元素：('xpath', "//*[@index='1' and @class='android.widget.EditText']")
2020-01-11 10:45:54,162 INFO [root] [base.py (base_input:36] - 正在执行清空操作
2020-01-11 10:45:56,265 INFO [root] [base.py (base_input:39] - 正在给 ('xpath', "//*[@index='1' and @class='android.widget.EditText']") 元素 执行输入操作：13812345678
2020-01-11 10:46:01,250 INFO [root] [base.py (base_find:24] - 正在查找元素：('xpath', "//*[@index='2' and @class='android.widget.EditText']")
2020-01-11 10:46:01,301 INFO [root] [base.py (base_input:36] - 正在执行清空操作
2020-01-11 10:46:03,352 INFO [root] [base.py (base_input:39] - 正在给 ('xpath', "//*[@index='2' and @class='android.widget.EditText']") 元素 执行输入操作：246810
2020-01-11 10:46:08,161 INFO [root] [base.py (base_click:45] - 正在对 ('xpath', "//*[@index='4' and @class='android.widget.Button']") 元素 执行点击操作
2020-01-11 10:46:08,162 INFO [root] [base.py (base_find:24] - 正在查找元素：('xpath', "//*[@index='4' and @class='android.widget.Button']")
2020-01-11 10:46:08,326 ERROR [root] [test05_app_login.py (test_app_login:35] - assert False
 +  where False = <bound method PageAppLogin.page_if_element_exists of <page.page_app_login.PageAppLogin object at 0x044C0090>>()
 +    where <bound method PageAppLogin.page_if_element_exists of <page.page_app_login.PageAppLogin object at 0x044C0090>> = <page.page_app_login.PageAppLogin object at 0x044C0090>.page_if_element_exists
 +      where <page.page_app_login.PageAppLogin object at 0x044C0090> = <scripts.test05_app_login.TestAppLogin object at 0x044C0F10>.app_login
2020-01-11 10:46:08,326 ERROR [root] [base.py (base_get_img:55] - 出现异常! 正在截图操作
2020-01-11 10:46:12,230 ERROR [root] [base.py (__base_write_img:62] - 异常处理！正在截图写入报告
2020-01-11 10:46:44,547 INFO [root] [base.py (__init__:16] - 正在初始化driver:<appium.webdriver.webdriver.WebDriver (session="ab764a76-e1de-4ce8-89f3-d12521ccef9c")>
2020-01-11 10:46:44,548 INFO [root] [base.py (base_find:24] - 正在查找元素：('xpath', "//*[@index='1' and @class='android.widget.EditText']")
2020-01-11 10:46:48,358 INFO [root] [base.py (base_input:36] - 正在执行清空操作
2020-01-11 10:46:50,750 INFO [root] [base.py (base_input:39] - 正在给 ('xpath', "//*[@index='1' and @class='android.widget.EditText']") 元素 执行输入操作：13812345678
2020-01-11 10:46:55,710 INFO [root] [base.py (base_find:24] - 正在查找元素：('xpath', "//*[@index='2' and @class='android.widget.EditText']")
2020-01-11 10:46:55,746 INFO [root] [base.py (base_input:36] - 正在执行清空操作
2020-01-11 10:46:57,442 INFO [root] [base.py (base_input:39] - 正在给 ('xpath', "//*[@index='2' and @class='android.widget.EditText']") 元素 执行输入操作：246810
2020-01-11 10:47:02,187 INFO [root] [base.py (base_click:45] - 正在对 ('xpath', "//*[@index='4' and @class='android.widget.Button']") 元素 执行点击操作
2020-01-11 10:47:02,187 INFO [root] [base.py (base_find:24] - 正在查找元素：('xpath', "//*[@index='4' and @class='android.widget.Button']")
2020-01-11 10:47:02,347 INFO [root] [base.py (base_find:24] - 正在查找元素：('xpath', "//*[@index='3' and contains(@text,'我的')]")
2020-01-11 11:41:53,620 INFO [root] [base.py (__init__:16] - 正在初始化driver:<appium.webdriver.webdriver.WebDriver (session="112783ad-aee0-4e87-aa3a-7ff906e597c1")>
2020-01-11 11:41:53,622 INFO [root] [base.py (base_find:24] - 正在查找元素：('xpath', "//*[@index='1' and @class='android.widget.EditText']")
2020-01-11 11:41:57,903 INFO [root] [base.py (base_input:36] - 正在执行清空操作
2020-01-11 11:42:00,750 INFO [root] [base.py (base_input:39] - 正在给 ('xpath', "//*[@index='1' and @class='android.widget.EditText']") 元素 执行输入操作：13812345678
2020-01-11 11:42:05,997 INFO [root] [base.py (base_find:24] - 正在查找元素：('xpath', "//*[@index='2' and @class='android.widget.EditText']")
2020-01-11 11:42:06,035 INFO [root] [base.py (base_input:36] - 正在执行清空操作
2020-01-11 11:42:08,150 INFO [root] [base.py (base_input:39] - 正在给 ('xpath', "//*[@index='2' and @class='android.widget.EditText']") 元素 执行输入操作：246810
2020-01-11 11:42:12,855 INFO [root] [base.py (base_click:45] - 正在对 ('xpath', "//*[@index='4' and @class='android.widget.Button']") 元素 执行点击操作
2020-01-11 11:42:12,855 INFO [root] [base.py (base_find:24] - 正在查找元素：('xpath', "//*[@index='4' and @class='android.widget.Button']")
2020-01-11 11:42:13,722 INFO [root] [base.py (base_find:24] - 正在查找元素：('xpath', "//*[@index='3' and contains(@text,'我的')]")
